<?xml version="1.0" encoding="UTF-8"?>
<testng-results ignored="0" total="1" passed="1" failed="0" skipped="0">
  <reporter-output>
  </reporter-output>
  <suite started-at="2024-11-06T19:47:59 IST" name="Suite" finished-at="2024-11-06T19:48:46 IST" duration-ms="46374">
    <groups>
    </groups>
    <test started-at="2024-11-06T19:47:59 IST" name="Test" finished-at="2024-11-06T19:48:46 IST" duration-ms="46374">
      <class name="testscripts.regression.ValidateLoginUsingPOMDataProviderExcel">
        <test-method is-config="true" signature="fileReadSet()[pri:0, instance:testscripts.regression.ValidateLoginUsingPOMDataProviderExcel@13e344d]" started-at="2024-11-06T19:47:59 IST" name="fileReadSet" finished-at="2024-11-06T19:48:00 IST" duration-ms="351" status="PASS">
          <reporter-output>
          </reporter-output>
        </test-method> <!-- fileReadSet -->
        <test-method is-config="true" signature="setUp(java.lang.reflect.Method)[pri:0, instance:testscripts.regression.ValidateLoginUsingPOMDataProviderExcel@13e344d]" started-at="2024-11-06T19:48:01 IST" name="setUp" finished-at="2024-11-06T19:48:11 IST" duration-ms="9890" status="PASS">
          <params>
            <param index="0">
              <value>
                <![CDATA[public void testscripts.regression.ValidateLoginUsingPOMDataProviderExcel.validateLogin(java.util.HashMap)]]>
              </value>
            </param>
          </params>
          <reporter-output>
          </reporter-output>
        </test-method> <!-- setUp -->
        <test-method signature="validateLogin(java.util.HashMap)[pri:0, instance:testscripts.regression.ValidateLoginUsingPOMDataProviderExcel@13e344d]" started-at="2024-11-06T19:48:11 IST" name="validateLogin" data-provider="getTestData" finished-at="2024-11-06T19:48:42 IST" duration-ms="31009" status="PASS">
          <params>
            <param index="0">
              <value>
                <![CDATA[{password=Susmitha@275, expectedtitle=Adactin.com - Search Hotel, username=susmitha410}]]>
              </value>
            </param>
          </params>
          <reporter-output>
          </reporter-output>
        </test-method> <!-- validateLogin -->
        <test-method is-config="true" signature="tearDown()[pri:0, instance:testscripts.regression.ValidateLoginUsingPOMDataProviderExcel@13e344d]" started-at="2024-11-06T19:48:42 IST" name="tearDown" finished-at="2024-11-06T19:48:45 IST" duration-ms="3270" status="PASS">
          <reporter-output>
          </reporter-output>
        </test-method> <!-- tearDown -->
        <test-method is-config="true" signature="flushReports()[pri:0, instance:testscripts.regression.ValidateLoginUsingPOMDataProviderExcel@13e344d]" started-at="2024-11-06T19:48:45 IST" name="flushReports" finished-at="2024-11-06T19:48:46 IST" duration-ms="603" status="PASS">
          <reporter-output>
          </reporter-output>
        </test-method> <!-- flushReports -->
      </class> <!-- testscripts.regression.ValidateLoginUsingPOMDataProviderExcel -->
    </test> <!-- Test -->
  </suite> <!-- Suite -->
</testng-results>
