<?xml version="1.0" encoding="UTF-8"?>
<testng-results ignored="0" total="1" passed="1" failed="0" skipped="0">
  <reporter-output>
  </reporter-output>
  <suite started-at="2024-11-05T11:03:02 IST" name="Default suite" finished-at="2024-11-05T11:03:48 IST" duration-ms="46320">
    <groups>
    </groups>
    <test started-at="2024-11-05T11:03:02 IST" name="Default test" finished-at="2024-11-05T11:03:48 IST" duration-ms="46320">
      <class name="testscripts.regression.ValidateLoginUsingPOM1">
        <test-method is-config="true" signature="fileReadSet()[pri:0, instance:testscripts.regression.ValidateLoginUsingPOM1@3ba987b8]" started-at="2024-11-05T11:03:02 IST" name="fileReadSet" finished-at="2024-11-05T11:03:02 IST" duration-ms="484" status="PASS">
          <reporter-output>
          </reporter-output>
        </test-method> <!-- fileReadSet -->
        <test-method is-config="true" signature="setUp(java.lang.reflect.Method)[pri:0, instance:testscripts.regression.ValidateLoginUsingPOM1@3ba987b8]" started-at="2024-11-05T11:03:02 IST" name="setUp" finished-at="2024-11-05T11:03:13 IST" duration-ms="10591" status="PASS">
          <params>
            <param index="0">
              <value>
                <![CDATA[public void testscripts.regression.ValidateLoginUsingPOM1.validateLogin()]]>
              </value>
            </param>
          </params>
          <reporter-output>
          </reporter-output>
        </test-method> <!-- setUp -->
        <test-method signature="validateLogin()[pri:0, instance:testscripts.regression.ValidateLoginUsingPOM1@3ba987b8]" started-at="2024-11-05T11:03:13 IST" name="validateLogin" finished-at="2024-11-05T11:03:44 IST" duration-ms="31301" status="PASS">
          <reporter-output>
          </reporter-output>
        </test-method> <!-- validateLogin -->
        <test-method is-config="true" signature="tearDown()[pri:0, instance:testscripts.regression.ValidateLoginUsingPOM1@3ba987b8]" started-at="2024-11-05T11:03:44 IST" name="tearDown" finished-at="2024-11-05T11:03:48 IST" duration-ms="3350" status="PASS">
          <reporter-output>
          </reporter-output>
        </test-method> <!-- tearDown -->
        <test-method is-config="true" signature="flushReports()[pri:0, instance:testscripts.regression.ValidateLoginUsingPOM1@3ba987b8]" started-at="2024-11-05T11:03:48 IST" name="flushReports" finished-at="2024-11-05T11:03:48 IST" duration-ms="535" status="PASS">
          <reporter-output>
          </reporter-output>
        </test-method> <!-- flushReports -->
      </class> <!-- testscripts.regression.ValidateLoginUsingPOM1 -->
    </test> <!-- Default test -->
  </suite> <!-- Default suite -->
</testng-results>
